{
  "stats": {
    "suites": 1,
    "tests": 1,
    "passes": 1,
    "pending": 0,
    "failures": 0,
    "start": "2022-08-07T16:07:34.839Z",
    "end": "2022-08-07T16:07:38.395Z",
    "duration": 3556,
    "testsRegistered": 1,
    "passPercent": 100,
    "pendingPercent": 0,
    "other": 0,
    "hasOther": false,
    "skipped": 0,
    "hasSkipped": false
  },
  "results": [
    {
      "uuid": "a1e96572-1f0c-4f6c-8e6d-2b794271dd13",
      "title": "",
      "fullFile": "cypress/integration/test/1.spec..js",
      "file": "cypress/integration/test/1.spec..js",
      "beforeHooks": [],
      "afterHooks": [],
      "tests": [],
      "suites": [
        {
          "uuid": "3b48632b-24d7-41b9-b4de-2faf4b7f370a",
          "title": "我的第一个测试",
          "fullFile": "",
          "file": "",
          "beforeHooks": [],
          "afterHooks": [],
          "tests": [
            {
              "title": "百度测试用例：",
              "fullTitle": "我的第一个测试 百度测试用例：",
              "timedOut": null,
              "duration": 2125,
              "state": "passed",
              "speed": "slow",
              "pass": true,
              "fail": false,
              "pending": false,
              "context": null,
              "code": "cy.visit('https://e.vip.com');\ncy.get('.login-btn').first().click();",
              "err": {},
              "uuid": "b9ab8811-2259-4222-b162-7901f6f9b7f2",
              "parentUUID": "3b48632b-24d7-41b9-b4de-2faf4b7f370a",
              "isHook": false,
              "skipped": false
            }
          ],
          "suites": [],
          "passes": [
            "b9ab8811-2259-4222-b162-7901f6f9b7f2"
          ],
          "failures": [],
          "pending": [],
          "skipped": [],
          "duration": 2125,
          "root": false,
          "rootEmpty": false,
          "_timeout": 2000
        }
      ],
      "passes": [],
      "failures": [],
      "pending": [],
      "skipped": [],
      "duration": 0,
      "root": true,
      "rootEmpty": true,
      "_timeout": 2000
    }
  ],
  "meta": {
    "mocha": {
      "version": "10.0.0"
    },
    "mochawesome": {
      "options": {
        "quiet": false,
        "reportFilename": "mochawesome",
        "saveHtml": false,
        "saveJson": true,
        "consoleReporter": "spec",
        "useInlineDiffs": false,
        "code": true
      },
      "version": "7.1.3"
    },
    "marge": {
      "options": {
        "reportDir": "cypress/results",
        "overwrite": false,
        "html": false,
        "json": true
      },
      "version": "6.2.0"
    }
  }
}