{
  "stats": {
    "suites": 1,
    "tests": 1,
    "passes": 1,
    "pending": 0,
    "failures": 0,
    "start": "2022-08-07T16:10:39.804Z",
    "end": "2022-08-07T16:10:43.653Z",
    "duration": 3849,
    "testsRegistered": 1,
    "passPercent": 100,
    "pendingPercent": 0,
    "other": 0,
    "hasOther": false,
    "skipped": 0,
    "hasSkipped": false
  },
  "results": [
    {
      "uuid": "93b2e62e-a1f4-4212-9ec7-5f59558fe144",
      "title": "",
      "fullFile": "cypress/integration/test/1.spec..js",
      "file": "cypress/integration/test/1.spec..js",
      "beforeHooks": [],
      "afterHooks": [],
      "tests": [],
      "suites": [
        {
          "uuid": "7af8b02a-b12f-47c3-aee4-88d85f0ce3ca",
          "title": "我的第一个测试",
          "fullFile": "",
          "file": "",
          "beforeHooks": [],
          "afterHooks": [],
          "tests": [
            {
              "title": "百度测试用例：",
              "fullTitle": "我的第一个测试 百度测试用例：",
              "timedOut": null,
              "duration": 2149,
              "state": "passed",
              "speed": "slow",
              "pass": true,
              "fail": false,
              "pending": false,
              "context": null,
              "code": "cy.visit('https://e.vip.com');\ncy.get('.login-btn').first().click();",
              "err": {},
              "uuid": "b60025f7-1d99-4a35-a947-7a26948a8e10",
              "parentUUID": "7af8b02a-b12f-47c3-aee4-88d85f0ce3ca",
              "isHook": false,
              "skipped": false
            }
          ],
          "suites": [],
          "passes": [
            "b60025f7-1d99-4a35-a947-7a26948a8e10"
          ],
          "failures": [],
          "pending": [],
          "skipped": [],
          "duration": 2149,
          "root": false,
          "rootEmpty": false,
          "_timeout": 2000
        }
      ],
      "passes": [],
      "failures": [],
      "pending": [],
      "skipped": [],
      "duration": 0,
      "root": true,
      "rootEmpty": true,
      "_timeout": 2000
    }
  ],
  "meta": {
    "mocha": {
      "version": "10.0.0"
    },
    "mochawesome": {
      "options": {
        "quiet": false,
        "reportFilename": "mochawesome",
        "saveHtml": false,
        "saveJson": true,
        "consoleReporter": "spec",
        "useInlineDiffs": false,
        "code": true
      },
      "version": "7.1.3"
    },
    "marge": {
      "options": {
        "reportDir": "cypress/mochawesome-report",
        "overwrite": false,
        "html": false,
        "json": true
      },
      "version": "6.2.0"
    }
  }
}