{
  "stats": {
    "suites": 1,
    "tests": 1,
    "passes": 0,
    "pending": 0,
    "failures": 1,
    "start": "2022-08-14T08:11:36.718Z",
    "end": "2022-08-14T08:11:43.334Z",
    "duration": 6616,
    "testsRegistered": 1,
    "passPercent": 0,
    "pendingPercent": 0,
    "other": 0,
    "hasOther": false,
    "skipped": 0,
    "hasSkipped": false
  },
  "results": [
    {
      "uuid": "de3f5a6b-2e46-4e60-932e-265bfd6f65d3",
      "title": "",
      "fullFile": "cypress/integration/test/2.spec.js",
      "file": "cypress/integration/test/2.spec.js",
      "beforeHooks": [],
      "afterHooks": [],
      "tests": [],
      "suites": [
        {
          "uuid": "d3863816-c7dc-481d-aaec-a54685686d5f",
          "title": "我的第一个测试",
          "fullFile": "",
          "file": "",
          "beforeHooks": [],
          "afterHooks": [],
          "tests": [
            {
              "title": "百度测试用例：",
              "fullTitle": "我的第一个测试 百度测试用例：",
              "timedOut": null,
              "duration": 5466,
              "state": "failed",
              "speed": null,
              "pass": false,
              "fail": true,
              "pending": false,
              "context": null,
              "code": "cy.visit('https://e.vip.com');\ncy.get('.login-btn1234').first().click();",
              "err": {
                "message": "CypressError: Timed out retrying: Expected to find element: '.login-btn1234', but never found it.",
                "estack": "CypressError: Timed out retrying: Expected to find element: '.login-btn1234', but never found it.\n    at Object.cypressErr (https://e.vip.com/__cypress/runner/cypress_runner.js:86207:11)\n    at Object.throwErr (https://e.vip.com/__cypress/runner/cypress_runner.js:86162:18)\n    at Object.throwErrByPath (https://e.vip.com/__cypress/runner/cypress_runner.js:86194:17)\n    at retry (https://e.vip.com/__cypress/runner/cypress_runner.js:76849:16)\n    at onFailFn (https://e.vip.com/__cypress/runner/cypress_runner.js:65634:16)\n    at tryCatcher (https://e.vip.com/__cypress/runner/cypress_runner.js:120203:23)\n    at Promise._settlePromiseFromHandler (https://e.vip.com/__cypress/runner/cypress_runner.js:118139:31)\n    at Promise._settlePromise (https://e.vip.com/__cypress/runner/cypress_runner.js:118196:18)\n    at Promise._settlePromise0 (https://e.vip.com/__cypress/runner/cypress_runner.js:118241:10)\n    at Promise._settlePromises (https://e.vip.com/__cypress/runner/cypress_runner.js:118316:18)\n    at Async../node_modules/bluebird/js/release/async.js.Async._drainQueue (https://e.vip.com/__cypress/runner/cypress_runner.js:114928:16)\n    at Async../node_modules/bluebird/js/release/async.js.Async._drainQueues (https://e.vip.com/__cypress/runner/cypress_runner.js:114938:10)\n    at Async.drainQueues (https://e.vip.com/__cypress/runner/cypress_runner.js:114812:14)",
                "diff": null
              },
              "uuid": "eb26c8be-0466-4b7a-815b-7871c40c8e59",
              "parentUUID": "d3863816-c7dc-481d-aaec-a54685686d5f",
              "isHook": false,
              "skipped": false
            }
          ],
          "suites": [],
          "passes": [],
          "failures": [
            "eb26c8be-0466-4b7a-815b-7871c40c8e59"
          ],
          "pending": [],
          "skipped": [],
          "duration": 5466,
          "root": false,
          "rootEmpty": false,
          "_timeout": 2000
        }
      ],
      "passes": [],
      "failures": [],
      "pending": [],
      "skipped": [],
      "duration": 0,
      "root": true,
      "rootEmpty": true,
      "_timeout": 2000
    }
  ],
  "meta": {
    "mocha": {
      "version": "10.0.0"
    },
    "mochawesome": {
      "options": {
        "quiet": false,
        "reportFilename": "mochawesome",
        "saveHtml": false,
        "saveJson": true,
        "consoleReporter": "spec",
        "useInlineDiffs": false,
        "code": true
      },
      "version": "7.1.3"
    },
    "marge": {
      "options": {
        "reportDir": "cypress/mochawesome-report",
        "overwrite": false,
        "html": false,
        "json": true
      },
      "version": "6.2.0"
    }
  }
}