{
  "stats": {
    "suites": 1,
    "tests": 1,
    "passes": 1,
    "pending": 0,
    "failures": 0,
    "start": "2022-08-07T16:14:26.068Z",
    "end": "2022-08-07T16:14:29.737Z",
    "duration": 3669,
    "testsRegistered": 1,
    "passPercent": 100,
    "pendingPercent": 0,
    "other": 0,
    "hasOther": false,
    "skipped": 0,
    "hasSkipped": false
  },
  "results": [
    {
      "uuid": "380819fc-91c9-4ba5-9950-ea0ecc85f6d4",
      "title": "",
      "fullFile": "cypress/integration/test/1.spec..js",
      "file": "cypress/integration/test/1.spec..js",
      "beforeHooks": [],
      "afterHooks": [],
      "tests": [],
      "suites": [
        {
          "uuid": "6361b960-b515-4da3-a984-5b1927a5b6d4",
          "title": "我的第一个测试",
          "fullFile": "",
          "file": "",
          "beforeHooks": [],
          "afterHooks": [],
          "tests": [
            {
              "title": "百度测试用例：",
              "fullTitle": "我的第一个测试 百度测试用例：",
              "timedOut": null,
              "duration": 2263,
              "state": "passed",
              "speed": "slow",
              "pass": true,
              "fail": false,
              "pending": false,
              "context": null,
              "code": "cy.visit('https://e.vip.com');\ncy.get('.login-btn').first().click();",
              "err": {},
              "uuid": "cc58c808-de1c-45bb-93cd-95df8aca907d",
              "parentUUID": "6361b960-b515-4da3-a984-5b1927a5b6d4",
              "isHook": false,
              "skipped": false
            }
          ],
          "suites": [],
          "passes": [
            "cc58c808-de1c-45bb-93cd-95df8aca907d"
          ],
          "failures": [],
          "pending": [],
          "skipped": [],
          "duration": 2263,
          "root": false,
          "rootEmpty": false,
          "_timeout": 2000
        }
      ],
      "passes": [],
      "failures": [],
      "pending": [],
      "skipped": [],
      "duration": 0,
      "root": true,
      "rootEmpty": true,
      "_timeout": 2000
    }
  ],
  "meta": {
    "mocha": {
      "version": "10.0.0"
    },
    "mochawesome": {
      "options": {
        "quiet": false,
        "reportFilename": "mochawesome",
        "saveHtml": false,
        "saveJson": true,
        "consoleReporter": "spec",
        "useInlineDiffs": false,
        "code": true
      },
      "version": "7.1.3"
    },
    "marge": {
      "options": {
        "reportDir": "cypress/mochawesome-report",
        "overwrite": false,
        "html": false,
        "json": true
      },
      "version": "6.2.0"
    }
  }
}